TN:
SF:src/pe102/addMapReduce.ts
FN:10,(anonymous_0)
FNF:1
FNH:1
FNDA:2,(anonymous_0)
DA:1,1
DA:8,1
DA:12,2
DA:13,2
DA:14,8
DA:16,2
LF:6
LH:6
BRF:0
BRH:0
end_of_record
TN:
SF:src/pe102/divMapReduce.ts
FN:9,(anonymous_0)
FNF:1
FNH:1
FNDA:1,(anonymous_0)
DA:1,1
DA:8,1
DA:11,1
DA:12,1
DA:13,5
DA:15,1
LF:6
LH:6
BRF:0
BRH:0
end_of_record
TN:
SF:src/pe102/mapReduceClass.ts
FN:11,(anonymous_0)
FN:24,(anonymous_1)
FN:26,(anonymous_2)
FN:44,(anonymous_3)
FNF:4
FNH:4
FNDA:7,(anonymous_0)
FNDA:7,(anonymous_1)
FNDA:29,(anonymous_2)
FNDA:7,(anonymous_3)
DA:4,1
DA:12,7
DA:13,7
DA:15,7
DA:16,7
DA:25,7
DA:26,7
DA:27,29
DA:29,7
DA:45,7
DA:46,7
LF:11
LH:11
BRF:0
BRH:0
end_of_record
TN:
SF:src/pe102/multMapReduce.ts
FN:9,(anonymous_0)
FNF:1
FNH:1
FNDA:2,(anonymous_0)
DA:1,1
DA:8,1
DA:11,2
DA:12,2
DA:13,8
DA:15,2
LF:6
LH:6
BRF:0
BRH:0
end_of_record
TN:
SF:src/pe102/subMapReduce.ts
FN:9,(anonymous_0)
FNF:1
FNH:1
FNDA:2,(anonymous_0)
DA:1,1
DA:8,1
DA:11,2
DA:12,2
DA:13,8
DA:15,2
LF:6
LH:6
BRF:0
BRH:0
end_of_record
