TN:
SF:src/Funko/funkoClass.ts
FN:35,(anonymous_0)
FN:54,(anonymous_1)
FNF:2
FNH:2
FNDA:3,(anonymous_0)
FNDA:3,(anonymous_1)
DA:8,1
DA:36,3
DA:37,3
DA:38,3
DA:39,3
DA:40,3
DA:41,3
DA:42,3
DA:43,3
DA:44,3
DA:45,3
DA:55,3
LF:12
LH:12
BRF:0
BRH:0
end_of_record
TN:
SF:src/Funko/utilities.ts
FN:8,checkUserDirSync
FN:15,(anonymous_1)
FN:24,getIds
FN:25,(anonymous_3)
FN:28,(anonymous_4)
FN:44,getMerchantValue
FNF:6
FNH:6
FNDA:2,checkUserDirSync
FNDA:6,(anonymous_1)
FNDA:2,getIds
FNDA:5,(anonymous_3)
FNDA:5,(anonymous_4)
FNDA:4,getMerchantValue
DA:1,1
DA:8,1
DA:11,2
DA:15,6
DA:17,2
DA:24,1
DA:25,5
DA:26,2
DA:28,2
DA:29,5
DA:30,5
DA:32,5
DA:36,2
DA:44,1
DA:45,4
DA:46,1
DA:47,3
DA:48,1
DA:49,2
DA:50,1
DA:52,1
LF:21
LH:21
BRDA:15,0,0,6
BRDA:15,0,1,1
BRDA:45,1,0,1
BRDA:45,1,1,3
BRDA:47,2,0,1
BRDA:47,2,1,2
BRDA:47,3,0,3
BRDA:47,3,1,3
BRDA:49,4,0,1
BRDA:49,4,1,1
BRDA:49,5,0,2
BRDA:49,5,1,2
BRF:12
BRH:12
end_of_record
TN:
SF:src/pe102/addMapReduce.ts
FN:10,(anonymous_0)
FNF:1
FNH:1
FNDA:2,(anonymous_0)
DA:1,1
DA:8,1
DA:12,2
DA:13,2
DA:14,8
DA:16,2
LF:6
LH:6
BRF:0
BRH:0
end_of_record
TN:
SF:src/pe102/divMapReduce.ts
FN:9,(anonymous_0)
FNF:1
FNH:1
FNDA:1,(anonymous_0)
DA:1,1
DA:8,1
DA:11,1
DA:12,1
DA:13,5
DA:15,1
LF:6
LH:6
BRF:0
BRH:0
end_of_record
TN:
SF:src/pe102/mapReduceClass.ts
FN:11,(anonymous_0)
FN:24,(anonymous_1)
FN:26,(anonymous_2)
FN:44,(anonymous_3)
FNF:4
FNH:4
FNDA:7,(anonymous_0)
FNDA:7,(anonymous_1)
FNDA:29,(anonymous_2)
FNDA:7,(anonymous_3)
DA:4,1
DA:12,7
DA:13,7
DA:15,7
DA:16,7
DA:25,7
DA:26,7
DA:27,29
DA:29,7
DA:45,7
DA:46,7
LF:11
LH:11
BRF:0
BRH:0
end_of_record
TN:
SF:src/pe102/multMapReduce.ts
FN:9,(anonymous_0)
FNF:1
FNH:1
FNDA:2,(anonymous_0)
DA:1,1
DA:8,1
DA:11,2
DA:12,2
DA:13,8
DA:15,2
LF:6
LH:6
BRF:0
BRH:0
end_of_record
TN:
SF:src/pe102/subMapReduce.ts
FN:9,(anonymous_0)
FNF:1
FNH:1
FNDA:2,(anonymous_0)
DA:1,1
DA:8,1
DA:11,2
DA:12,2
DA:13,8
DA:15,2
LF:6
LH:6
BRF:0
BRH:0
end_of_record
